Traceback (most recent call last):
  File "/home/runner/micromamba/envs/julia-intro/lib/python3.12/site-packages/jupyter_cache/executors/utils.py", line 58, in single_nb_execution
    executenb(
  File "/home/runner/micromamba/envs/julia-intro/lib/python3.12/site-packages/nbclient/client.py", line 1314, in execute
    return NotebookClient(nb=nb, resources=resources, km=km, **kwargs).execute()
           ^^^^^^^^^^^^^^^^^^^^^^^^^^^^^^^^^^^^^^^^^^^^^^^^^^^^^^^^^^^^^^^^^^^^^
  File "/home/runner/micromamba/envs/julia-intro/lib/python3.12/site-packages/jupyter_core/utils/__init__.py", line 165, in wrapped
    return loop.run_until_complete(inner)
           ^^^^^^^^^^^^^^^^^^^^^^^^^^^^^^
  File "/home/runner/micromamba/envs/julia-intro/lib/python3.12/asyncio/base_events.py", line 687, in run_until_complete
    return future.result()
           ^^^^^^^^^^^^^^^
  File "/home/runner/micromamba/envs/julia-intro/lib/python3.12/site-packages/nbclient/client.py", line 709, in async_execute
    await self.async_execute_cell(
  File "/home/runner/micromamba/envs/julia-intro/lib/python3.12/site-packages/nbclient/client.py", line 1062, in async_execute_cell
    await self._check_raise_for_error(cell, cell_index, exec_reply)
  File "/home/runner/micromamba/envs/julia-intro/lib/python3.12/site-packages/nbclient/client.py", line 918, in _check_raise_for_error
    raise CellExecutionError.from_cell_and_msg(cell, exec_reply_content)
nbclient.exceptions.CellExecutionError: An error occurred while executing the following cell:
------------------
img = heatmap(sum[:,:,20], color=:thermal, title="Edep (XY)")
display("image/png", img)
------------------


Invalid attributes [31m[1mcolor[22m[39m and [31m[1mtitle[22m[39m for plot type [34m[1mHeatmap{Tuple{MakieCore.EndPoints{Float32}, MakieCore.EndPoints{Float32}, Matrix{Float32}}}[22m[39m.

The available plot attributes for Heatmap{Tuple{MakieCore.EndPoints{Float32}, MakieCore.EndPoints{Float32}, Matrix{Float32}}} are:

alpha        depth_shift      inspector_hover  nan_color       transparency
clip_planes  fxaa             inspector_label  overdraw        visible     
colormap     highclip         interpolate      space                       
colorrange   inspectable      lowclip          ssao                        
colorscale   inspector_clear  model            transformation              


Generic attributes are:

clip_planes  dim_conversions  model      transformation  yautolimits        
cycle        label            rasterize  xautolimits     zautolimits        



Stacktrace:
 [1] validate_attribute_keys(plot::Heatmap{Tuple{MakieCore.EndPoints{Float32}, MakieCore.EndPoints{Float32}, Matrix{Float32}}})
   @ MakieCore ~/.julia/packages/MakieCore/zO6H4/src/recipes.jl:758
 [2] push!(scene::Scene, plot::Plot)
   @ Makie ~/.julia/packages/Makie/pFPBw/src/scenes.jl:489
 [3] plot!
   @ ~/.julia/packages/Makie/pFPBw/src/interfaces.jl:413 [inlined]
 [4] plot!(ax::Axis, plot::Heatmap{Tuple{MakieCore.EndPoints{Float32}, MakieCore.EndPoints{Float32}, Matrix{Float32}}})
   @ Makie ~/.julia/packages/Makie/pFPBw/src/figureplotting.jl:412
 [5] plot!(fa::Makie.FigureAxis, plot::Heatmap{Tuple{MakieCore.EndPoints{Float32}, MakieCore.EndPoints{Float32}, Matrix{Float32}}})
   @ Makie ~/.julia/packages/Makie/pFPBw/src/figureplotting.jl:407
 [6] _create_plot(F::Function, attributes::Dict{Symbol, Any}, args::Matrix{Float64})
   @ Makie ~/.julia/packages/Makie/pFPBw/src/figureplotting.jl:318
 [7] #heatmap#37
   @ ~/.julia/packages/MakieCore/zO6H4/src/recipes.jl:501 [inlined]
 [8] top-level scope
   @ In[9]:1

