Traceback (most recent call last):
  File "/home/runner/micromamba/envs/julia-intro/lib/python3.12/site-packages/jupyter_cache/executors/utils.py", line 58, in single_nb_execution
    executenb(
  File "/home/runner/micromamba/envs/julia-intro/lib/python3.12/site-packages/nbclient/client.py", line 1314, in execute
    return NotebookClient(nb=nb, resources=resources, km=km, **kwargs).execute()
           ^^^^^^^^^^^^^^^^^^^^^^^^^^^^^^^^^^^^^^^^^^^^^^^^^^^^^^^^^^^^^^^^^^^^^
  File "/home/runner/micromamba/envs/julia-intro/lib/python3.12/site-packages/jupyter_core/utils/__init__.py", line 165, in wrapped
    return loop.run_until_complete(inner)
           ^^^^^^^^^^^^^^^^^^^^^^^^^^^^^^
  File "/home/runner/micromamba/envs/julia-intro/lib/python3.12/asyncio/base_events.py", line 687, in run_until_complete
    return future.result()
           ^^^^^^^^^^^^^^^
  File "/home/runner/micromamba/envs/julia-intro/lib/python3.12/site-packages/nbclient/client.py", line 709, in async_execute
    await self.async_execute_cell(
  File "/home/runner/micromamba/envs/julia-intro/lib/python3.12/site-packages/nbclient/client.py", line 1062, in async_execute_cell
    await self._check_raise_for_error(cell, cell_index, exec_reply)
  File "/home/runner/micromamba/envs/julia-intro/lib/python3.12/site-packages/nbclient/client.py", line 918, in _check_raise_for_error
    raise CellExecutionError.from_cell_and_msg(cell, exec_reply_content)
nbclient.exceptions.CellExecutionError: An error occurred while executing the following cell:
------------------
#---Draw detector and first event that triggers
fig = Figure(size=(2048,2028))
s = LScene(fig[1,1])

drawdetector(s, app)
nexttrigger(app); drawevent(s, app)

display("image/png", fig)
------------------


MethodError: no method matching draw!(::LScene, ::Geant4.G4VPhysicalVolumeDereferenced)
The function `draw!` exists, but no method is defined for this combination of argument types.

[0mClosest candidates are:
[0m  draw!()
[0m[90m   @[39m [36mGeant4[39m [90m~/.julia/packages/Geant4/LOysg/src/[39m[90m[4mGeant4.jl:44[24m[39m


Stacktrace:
 [1] drawdetector(s::LScene, app::G4JLApplication{HBC30, HBC30SimData})
   @ Main ./In[6]:4
 [2] top-level scope
   @ In[8]:5

