Traceback (most recent call last):
  File "/home/runner/micromamba/envs/julia-intro/lib/python3.12/site-packages/jupyter_cache/executors/utils.py", line 58, in single_nb_execution
    executenb(
  File "/home/runner/micromamba/envs/julia-intro/lib/python3.12/site-packages/nbclient/client.py", line 1314, in execute
    return NotebookClient(nb=nb, resources=resources, km=km, **kwargs).execute()
           ^^^^^^^^^^^^^^^^^^^^^^^^^^^^^^^^^^^^^^^^^^^^^^^^^^^^^^^^^^^^^^^^^^^^^
  File "/home/runner/micromamba/envs/julia-intro/lib/python3.12/site-packages/jupyter_core/utils/__init__.py", line 165, in wrapped
    return loop.run_until_complete(inner)
           ^^^^^^^^^^^^^^^^^^^^^^^^^^^^^^
  File "/home/runner/micromamba/envs/julia-intro/lib/python3.12/asyncio/base_events.py", line 687, in run_until_complete
    return future.result()
           ^^^^^^^^^^^^^^^
  File "/home/runner/micromamba/envs/julia-intro/lib/python3.12/site-packages/nbclient/client.py", line 709, in async_execute
    await self.async_execute_cell(
  File "/home/runner/micromamba/envs/julia-intro/lib/python3.12/site-packages/nbclient/client.py", line 1062, in async_execute_cell
    await self._check_raise_for_error(cell, cell_index, exec_reply)
  File "/home/runner/micromamba/envs/julia-intro/lib/python3.12/site-packages/nbclient/client.py", line 918, in _check_raise_for_error
    raise CellExecutionError.from_cell_and_msg(cell, exec_reply_content)
nbclient.exceptions.CellExecutionError: An error occurred while executing the following cell:
------------------
#---Simulation Data-------------(normally filled by actions)---------------------------------------
const Hist1D64 = Hist1D{Float64, Tuple{StepRangeLen{Float64, Base.TwicePrecision{Float64}, Base.TwicePrecision{Float64}, Int64}}}
mutable struct ScintSimData <: G4JLSimulationData
    scintPhotonsPerEvent::Int64
    scintPhotonsHisto::Hist1D64
    siHitsHisto::Hist1D64
    crysEdepHisto::Hist1D64
    ScintSimData() = new()
end
#---Addd function-----------------------------------------------------------------------------------
function add!(x::ScintSimData, y::ScintSimData)
    x.scintPhotonsHisto += y.scintPhotonsHisto
    x.siHitsHisto += y.siHitsHisto
    x.crysEdepHisto += y.crysEdepHisto
end
#---Plot Simulation data----------------------------------------------------------------------------
function do_plot(data::ScintSimData)
    (;scintPhotonsHisto, siHitsHisto, crysEdepHisto) = data
    lay = @layout [° °; °]
    plot(layout=lay, show=true, size=(1000,700))
    plot!(subplot=1, scintPhotonsHisto, title="# scintillating photons/event", xlabel="# photons", show=true)
    plot!(subplot=2, siHitsHisto, title="# hits in Silicon/event", xlabel="# hits")
    plot!(subplot=3, crysEdepHisto, title="energy deposited in crystal", xlabel="keV")
end
------------------


too many parameters for type Hist1D

Stacktrace:
 [1] top-level scope
   @ In[5]:2

